<?xml version="1.0" encoding="UTF-8"?>
<testsuite xmlns:xsi="http://www.w3.org/2001/XMLSchema-instance" xsi:noNamespaceSchemaLocation="https://maven.apache.org/surefire/maven-surefire-plugin/xsd/surefire-test-report-3.0.xsd" version="3.0" name="testRunner.TestRunner" time="0.732" tests="3" errors="0" skipped="0" failures="0">
  <properties>
[...]
</properties>
  <testcase name="Successful login with valid credentials" classname="Login to Sauce Demo" time="0.092">
    <system-out><![CDATA[
Scenario: Successful login with valid credentials                         # src/test/java/Features/TCLogin.feature:2
  Given I am on the Sauce Demo login page                                 # stepDefinitions.steps.onTheSauceDemoLoginPage()
  When I enter username as "standard_user" and password as "secret_sauce" # stepDefinitions.steps.enterCredentials(java.lang.String,java.lang.String)
  And I click the login button                                            # stepDefinitions.steps.clickTheLoginButton()
  Then I should be redirected to the Sauce Demo inventory page            # stepDefinitions.steps.shouldBeRedirectedToInventory()
]]></system-out>
  </testcase>
  <testcase name="Testing login with valid/invalid credentials #1" classname="Login to Sauce Demo" time="0.008">
    <system-out><![CDATA[
Scenario Outline: Testing login with valid/invalid credentials            # src/test/java/Features/TCLogin.feature:16
  Given I am on the Sauce Demo login page                                 # stepDefinitions.steps.onTheSauceDemoLoginPage()
  When I enter username as "standard_user" and password as "secret_sauce" # stepDefinitions.steps.enterCredentials(java.lang.String,java.lang.String)
  And I click the login button                                            # stepDefinitions.steps.clickTheLoginButton()
  Then I should see "<expected_result>"                                   # stepDefinitions.steps.shouldSeeExpectedResult(java.lang.String)
]]></system-out>
  </testcase>
  <testcase name="Testing login with valid/invalid credentials #2" classname="Login to Sauce Demo" time="0.01">
    <system-out><![CDATA[
Scenario Outline: Testing login with valid/invalid credentials        # src/test/java/Features/TCLogin.feature:17
  Given I am on the Sauce Demo login page                             # stepDefinitions.steps.onTheSauceDemoLoginPage()
  When I enter username as "error_user" and password as "invalidPass" # stepDefinitions.steps.enterCredentials(java.lang.String,java.lang.String)
  And I click the login button                                        # stepDefinitions.steps.clickTheLoginButton()
  Then I should see "<expected_result>"                               # stepDefinitions.steps.shouldSeeExpectedResult(java.lang.String)
]]></system-out>
  </testcase>
</testsuite>